2021-12-27 10:59:49,986 || DEBUG    || client <==> Была вызвана функция args_parser c параметрами (), {}. Вызов из модуля __main__. Вызов из функции main().Вызов из функции main
2021-12-27 10:59:49,986 || INFO     || client <==> Запуск клиента.
   Адрес сервера - 127.0.0.1.   Порт для подключения - 7777.   Имя пользователя - client2
2021-12-27 10:59:52,049 || CRITICAL || client <==> Отказ в соединении со стороны сервера! Сервер 127.0.0.1:7777
2021-12-27 11:00:20,971 || DEBUG    || client <==> Была вызвана функция args_parser c параметрами (), {}. Вызов из модуля __main__. Вызов из функции main().Вызов из функции main
2021-12-27 11:00:26,268 || INFO     || client <==> Запуск клиента.
   Адрес сервера - 127.0.0.1.   Порт для подключения - 7777.   Имя пользователя - test1
2021-12-27 11:00:26,268 || DEBUG    || client <==> Создано сообщение о присутствии клиента test1.
2021-12-27 11:00:26,268 || DEBUG    || client <==> Была вызвана функция create_presence c параметрами ('test1',), {}. Вызов из модуля __main__. Вызов из функции main().Вызов из функции main
2021-12-27 11:00:26,550 || DEBUG    || client <==> Анализ сообщения от сервера
{'response': 200}
2021-12-27 11:00:26,550 || DEBUG    || client <==> Была вызвана функция analyze_response_answer c параметрами ({'response': 200},), {}. Вызов из модуля __main__. Вызов из функции main().Вызов из функции main
2021-12-27 11:00:26,550 || INFO     || client <==> Получен ответ от сервера 200 - Ok
2021-12-27 11:00:47,569 || DEBUG    || client <==> Сформировано сообщение: {'action': 'message', 'time': 1640592047.5690675, 'from': 'test1', 'to': 'all', 'message_text': '123'}.
2021-12-27 11:00:47,569 || INFO     || client <==> Отправлено сообщение для клиента all.
2021-12-27 11:01:27,523 || INFO     || client <==> Клиент test1 завершил сеанс.
2021-12-27 11:04:22,345 || DEBUG    || client <==> Была вызвана функция args_parser c параметрами (), {}. Вызов из модуля __main__. Вызов из функции main().Вызов из функции main
2021-12-27 11:04:22,345 || INFO     || client <==> Запуск клиента.
   Адрес сервера - 127.0.0.1.   Порт для подключения - 7777.   Имя пользователя - client1
2021-12-27 11:04:22,360 || DEBUG    || client <==> Была вызвана функция args_parser c параметрами (), {}. Вызов из модуля __main__. Вызов из функции main().Вызов из функции main
2021-12-27 11:04:22,360 || INFO     || client <==> Запуск клиента.
   Адрес сервера - 127.0.0.1.   Порт для подключения - 7777.   Имя пользователя - client2
2021-12-27 11:04:22,376 || DEBUG    || client <==> Была вызвана функция args_parser c параметрами (), {}. Вызов из модуля __main__. Вызов из функции main().Вызов из функции main
2021-12-27 11:04:22,376 || INFO     || client <==> Запуск клиента.
   Адрес сервера - 127.0.0.1.   Порт для подключения - 7777.   Имя пользователя - client3
2021-12-27 11:04:24,392 || CRITICAL || client <==> Отказ в соединении со стороны сервера! Сервер 127.0.0.1:7777
2021-12-27 11:04:24,423 || CRITICAL || client <==> Отказ в соединении со стороны сервера! Сервер 127.0.0.1:7777
2021-12-27 11:05:37,799 || DEBUG    || client <==> Была вызвана функция args_parser c параметрами (), {}. Вызов из модуля __main__. Вызов из функции main().Вызов из функции main
2021-12-27 11:05:37,799 || INFO     || client <==> Запуск клиента.
   Адрес сервера - 127.0.0.1.   Порт для подключения - 7777.   Имя пользователя - client2
2021-12-27 11:05:37,814 || DEBUG    || client <==> Была вызвана функция args_parser c параметрами (), {}. Вызов из модуля __main__. Вызов из функции main().Вызов из функции main
2021-12-27 11:05:37,814 || INFO     || client <==> Запуск клиента.
   Адрес сервера - 127.0.0.1.   Порт для подключения - 7777.   Имя пользователя - client1
2021-12-27 11:05:39,835 || CRITICAL || client <==> Отказ в соединении со стороны сервера! Сервер 127.0.0.1:7777
2021-12-27 11:05:39,851 || CRITICAL || client <==> Отказ в соединении со стороны сервера! Сервер 127.0.0.1:7777
